<?xml version="1.0" encoding="UTF-8"?>
<testng-results ignored="0" total="1" passed="1" failed="0" skipped="0">
  <reporter-output>
  </reporter-output>
  <suite started-at="2026-09-13T23:27:22 IST" name="Suite" finished-at="2026-09-13T23:27:39 IST" duration-ms="16895">
    <groups>
    </groups>
    <test started-at="2026-09-13T23:27:22 IST" name="Test" finished-at="2026-09-13T23:27:39 IST" duration-ms="16895">
      <class name="test">
        <test-method signature="launchBrowser()[pri:0, instance:test@16293aa2]" started-at="2026-09-13T23:27:22 IST" name="launchBrowser" finished-at="2026-09-13T23:27:39 IST" duration-ms="16793" status="PASS">
          <reporter-output>
          </reporter-output>
        </test-method> <!-- launchBrowser -->
      </class> <!-- test -->
    </test> <!-- Test -->
  </suite> <!-- Suite -->
</testng-results>
