<?xml version="1.0" encoding="UTF-8"?>
<testng-results ignored="0" total="1" passed="1" failed="0" skipped="0">
  <reporter-output>
  </reporter-output>
  <suite started-at="2026-08-30T21:07:03 IST" name="Default suite" finished-at="2026-08-30T21:07:26 IST" duration-ms="22656">
    <groups>
    </groups>
    <test started-at="2026-08-30T21:07:03 IST" name="Default test" finished-at="2026-08-30T21:07:26 IST" duration-ms="22656">
      <class name="test">
        <test-method signature="launchBrowser()[pri:0, instance:test@16293aa2]" started-at="2026-08-30T21:07:03 IST" name="launchBrowser" finished-at="2026-08-30T21:07:26 IST" duration-ms="22557" status="PASS">
          <reporter-output>
          </reporter-output>
        </test-method> <!-- launchBrowser -->
      </class> <!-- test -->
    </test> <!-- Default test -->
  </suite> <!-- Default suite -->
</testng-results>
